<?xml version="1.0" encoding="UTF-8"?>
<!-- Generated by org.testng.reporters.JUnitReportReporter -->
<testsuite hostname="DESKTOP-KDHLI5B" failures="0" tests="1" name="academy.ValidateNavBar" time="14.046" errors="0" timestamp="2020-06-29T06:19:47 EDT" skipped="0">
  <testcase classname="academy.ValidateNavBar" name="navigatingToLoginPage" time="14.046"/>
  <system-out/>
</testsuite> <!-- academy.ValidateNavBar -->
