<?xml version="1.0" encoding="UTF-8"?>
<!-- Generated by org.testng.reporters.JUnitReportReporter -->
<testsuite hostname="DESKTOP-KDHLI5B" failures="0" tests="3" name="academy.HomePage" time="80.324" errors="0" timestamp="2020-06-29T06:19:47 EDT" skipped="0">
  <testcase classname="academy.HomePage" name="navigatingToLoginPage" time="24.629"/>
  <system-out/>
  <testcase classname="academy.HomePage" name="navigatingToLoginPage" time="25.615"/>
  <system-out/>
  <testcase classname="academy.HomePage" name="navigatingToLoginPage" time="30.080"/>
  <system-out/>
</testsuite> <!-- academy.HomePage -->
