<?xml version="1.0" encoding="UTF-8"?>
<!-- Generated by org.testng.reporters.JUnitReportReporter -->
<testsuite hostname="DESKTOP-KDHLI5B" failures="0" tests="1" name="academy.ValidateTitle" time="19.091" errors="0" timestamp="2020-06-29T06:19:47 EDT" skipped="0">
  <testcase classname="academy.ValidateTitle" name="navigatingToLoginPage" time="19.091"/>
  <system-out/>
</testsuite> <!-- academy.ValidateTitle -->
